<?xml version="1.0" encoding="UTF-8"?>
<testng-results skipped="0" failed="0" ignored="0" total="1" passed="1">
  <reporter-output>
    <line>
      <![CDATA[Browser Session Started]]>
    </line>
    <line>
      <![CDATA[Browser Session End]]>
    </line>
  </reporter-output>
  <suite name="Default suite" duration-ms="26518" started-at="2019-09-05T15:42:20Z" finished-at="2019-09-05T15:42:47Z">
    <groups>
    </groups>
    <test name="Default test" duration-ms="26518" started-at="2019-09-05T15:42:20Z" finished-at="2019-09-05T15:42:47Z">
      <class name="com.yair_f.globesweb.AddArticleToSaveListTest7">
        <test-method status="PASS" signature="initChromeBrowser()[pri:0, instance:com.yair_f.globesweb.AddArticleToSaveListTest7@204f30ec]" name="initChromeBrowser" is-config="true" duration-ms="6700" started-at="2019-09-05T15:42:20Z" finished-at="2019-09-05T15:42:27Z">
          <reporter-output>
            <line>
              <![CDATA[Browser Session Started]]>
            </line>
          </reporter-output>
        </test-method> <!-- initChromeBrowser -->
        <test-method status="PASS" signature="addArticle()[pri:0, instance:com.yair_f.globesweb.AddArticleToSaveListTest7@204f30ec]" name="addArticle" duration-ms="19025" started-at="2019-09-05T15:42:27Z" description="Test to add specific article to save list page" finished-at="2019-09-05T15:42:46Z">
          <reporter-output>
          </reporter-output>
        </test-method> <!-- addArticle -->
        <test-method status="PASS" signature="getScreenshot(org.testng.ITestResult)[pri:0, instance:com.yair_f.globesweb.AddArticleToSaveListTest7@204f30ec]" name="getScreenshot" is-config="true" duration-ms="7" started-at="2019-09-05T15:42:46Z" finished-at="2019-09-05T15:42:46Z">
          <params>
            <param index="0">
              <value>
                <![CDATA[[TestResult name=addArticle status=SUCCESS method=AddArticleToSaveListTest7.addArticle()[pri:0, instance:com.yair_f.globesweb.AddArticleToSaveListTest7@204f30ec] output={null}]]]>
              </value>
            </param>
          </params>
          <reporter-output>
          </reporter-output>
        </test-method> <!-- getScreenshot -->
        <test-method status="PASS" signature="closeSession()[pri:0, instance:com.yair_f.globesweb.AddArticleToSaveListTest7@204f30ec]" name="closeSession" is-config="true" duration-ms="765" started-at="2019-09-05T15:42:46Z" finished-at="2019-09-05T15:42:47Z">
          <reporter-output>
            <line>
              <![CDATA[Browser Session End]]>
            </line>
          </reporter-output>
        </test-method> <!-- closeSession -->
      </class> <!-- com.yair_f.globesweb.AddArticleToSaveListTest7 -->
    </test> <!-- Default test -->
  </suite> <!-- Default suite -->
</testng-results>
